In file included from [01m[K/opt/ros/humble/include/rclcpp/rclcpp/client.hpp:40[m[K,
                 from [01m[K/opt/ros/humble/include/rclcpp/rclcpp/callback_group.hpp:24[m[K,
                 from [01m[K/opt/ros/humble/include/rclcpp/rclcpp/any_executable.hpp:20[m[K,
                 from [01m[K/opt/ros/humble/include/rclcpp/rclcpp/memory_strategy.hpp:25[m[K,
                 from [01m[K/opt/ros/humble/include/rclcpp/rclcpp/memory_strategies.hpp:18[m[K,
                 from [01m[K/opt/ros/humble/include/rclcpp/rclcpp/executor_options.hpp:20[m[K,
                 from [01m[K/opt/ros/humble/include/rclcpp/rclcpp/executor.hpp:37[m[K,
                 from [01m[K/opt/ros/humble/include/rclcpp/rclcpp/executors/multi_threaded_executor.hpp:25[m[K,
                 from [01m[K/opt/ros/humble/include/rclcpp/rclcpp/executors.hpp:21[m[K,
                 from [01m[K/opt/ros/humble/include/rclcpp/rclcpp/rclcpp.hpp:155[m[K,
                 from [01m[K/workspace/src/cpp_pubsub/src/publish_member_function.hpp:8[m[K,
                 from [01m[K/workspace/src/cpp_pubsub/src/publish_member_function.cpp:1[m[K:
[01m[K/workspace/src/cpp_pubsub/src/publish_member_function.cpp:[m[K In function â€˜[01m[Kvoid topic_callback(const String&)[m[Kâ€™:
[01m[K/workspace/src/cpp_pubsub/src/publish_member_function.cpp:22:15:[m[K [01;31m[Kerror: [m[Kinvalid use of â€˜[01m[Kthis[m[Kâ€™ in non-member function
   22 |   RCLCPP_INFO([01;31m[Kthis[m[K->get_logger(), "I heard: '%s'", msg.data.c_str());
      |               [01;31m[K^~~~[m[K
[01m[K/workspace/src/cpp_pubsub/src/publish_member_function.cpp:22:15:[m[K [01;31m[Kerror: [m[Kinvalid use of â€˜[01m[Kthis[m[Kâ€™ in non-member function
[01m[K/workspace/src/cpp_pubsub/src/publish_member_function.cpp:22:3:[m[K [01;31m[Kerror: [m[Ktemplate argument 1 is invalid
   22 |   [01;31m[KRCLCPP_INFO[m[K(this->get_logger(), "I heard: '%s'", msg.data.c_str());
      |   [01;31m[K^~~~~~~~~~~[m[K
[01m[K/workspace/src/cpp_pubsub/src/publish_member_function.cpp:22:3:[m[K [01;31m[Kerror: [m[Ktemplate argument 1 is invalid
   22 |   [01;31m[KRCLCPP_INFO[m[K(this->get_logger(), "I heard: '%s'", msg.data.c_str());
      |   [01;31m[K^~~~~~~~~~~[m[K
[01m[K/workspace/src/cpp_pubsub/src/publish_member_function.cpp:22:3:[m[K [01;31m[Kerror: [m[Ktemplate argument 1 is invalid
   22 |   [01;31m[KRCLCPP_INFO[m[K(this->get_logger(), "I heard: '%s'", msg.data.c_str());
      |   [01;31m[K^~~~~~~~~~~[m[K
In file included from [01m[K/opt/ros/humble/include/rclcpp/rclcpp/logging.hpp:24[m[K,
                 from [01m[K/opt/ros/humble/include/rclcpp/rclcpp/client.hpp:40[m[K,
                 from [01m[K/opt/ros/humble/include/rclcpp/rclcpp/callback_group.hpp:24[m[K,
                 from [01m[K/opt/ros/humble/include/rclcpp/rclcpp/any_executable.hpp:20[m[K,
                 from [01m[K/opt/ros/humble/include/rclcpp/rclcpp/memory_strategy.hpp:25[m[K,
                 from [01m[K/opt/ros/humble/include/rclcpp/rclcpp/memory_strategies.hpp:18[m[K,
                 from [01m[K/opt/ros/humble/include/rclcpp/rclcpp/executor_options.hpp:20[m[K,
                 from [01m[K/opt/ros/humble/include/rclcpp/rclcpp/executor.hpp:37[m[K,
                 from [01m[K/opt/ros/humble/include/rclcpp/rclcpp/executors/multi_threaded_executor.hpp:25[m[K,
                 from [01m[K/opt/ros/humble/include/rclcpp/rclcpp/executors.hpp:21[m[K,
                 from [01m[K/opt/ros/humble/include/rclcpp/rclcpp/rclcpp.hpp:155[m[K,
                 from [01m[K/workspace/src/cpp_pubsub/src/publish_member_function.hpp:8[m[K,
                 from [01m[K/workspace/src/cpp_pubsub/src/publish_member_function.cpp:1[m[K:
[01m[K/workspace/src/cpp_pubsub/src/publish_member_function.cpp:22:15:[m[K [01;31m[Kerror: [m[Kinvalid use of â€˜[01m[Kthis[m[Kâ€™ in non-member function
   22 |   RCLCPP_INFO([01;31m[Kthis[m[K->get_logger(), "I heard: '%s'", msg.data.c_str());
      |               [01;31m[K^~~~[m[K
[01m[K/workspace/src/cpp_pubsub/src/publish_member_function.cpp:22:15:[m[K [01;31m[Kerror: [m[Kinvalid use of â€˜[01m[Kthis[m[Kâ€™ in non-member function
   22 |   RCLCPP_INFO([01;31m[Kthis[m[K->get_logger(), "I heard: '%s'", msg.data.c_str());
      |               [01;31m[K^~~~[m[K
gmake[2]: *** [CMakeFiles/main.dir/build.make:90: CMakeFiles/main.dir/src/publish_member_function.cpp.o] Error 1
gmake[1]: *** [CMakeFiles/Makefile2:137: CMakeFiles/main.dir/all] Error 2
gmake: *** [Makefile:146: all] Error 2
