-- Found ament_cmake: 1.3.10 (/opt/ros/humble/share/ament_cmake/cmake)
-- Override CMake install command with custom implementation using symlinks instead of copying resources
-- Found rclcpp: 16.0.10 (/opt/ros/humble/share/rclcpp/cmake)
-- Found rosidl_generator_c: 3.1.5 (/opt/ros/humble/share/rosidl_generator_c/cmake)
-- Found rosidl_adapter: 3.1.5 (/opt/ros/humble/share/rosidl_adapter/cmake)
-- Found rosidl_generator_cpp: 3.1.5 (/opt/ros/humble/share/rosidl_generator_cpp/cmake)
-- Using all available rosidl_typesupport_c: rosidl_typesupport_fastrtps_c;rosidl_typesupport_introspection_c
-- Using all available rosidl_typesupport_cpp: rosidl_typesupport_fastrtps_cpp;rosidl_typesupport_introspection_cpp
-- Found rmw_implementation_cmake: 6.1.2 (/opt/ros/humble/share/rmw_implementation_cmake/cmake)
-- Found rmw_fastrtps_cpp: 6.2.7 (/opt/ros/humble/share/rmw_fastrtps_cpp/cmake)
-- Using RMW implementation 'rmw_fastrtps_cpp' as default
-- Found ament_lint_auto: 0.12.11 (/opt/ros/humble/share/ament_lint_auto/cmake)
-- Added test 'cppcheck' to perform static code analysis on C / C++ code
-- Configured cppcheck include dirs: 
-- Configured cppcheck exclude dirs and/or files: 
-- Added test 'lint_cmake' to check CMake code style
-- Added test 'uncrustify' to check C / C++ code style
-- Configured uncrustify additional arguments: 
-- Added test 'xmllint' to check XML markup files
-- Configuring done
-- Generating done
-- Build files have been written to: /workspace/build/cpp_pubsub
[35m[1mConsolidate compiler generated dependencies of target main[0m
[ 33%] [32mBuilding CXX object CMakeFiles/main.dir/src/main.cpp.o[0m
[ 66%] [32mBuilding CXX object CMakeFiles/main.dir/src/publish_member_function.cpp.o[0m
In file included from [01m[K/opt/ros/humble/include/rclcpp/rclcpp/client.hpp:40[m[K,
                 from [01m[K/opt/ros/humble/include/rclcpp/rclcpp/callback_group.hpp:24[m[K,
                 from [01m[K/opt/ros/humble/include/rclcpp/rclcpp/any_executable.hpp:20[m[K,
                 from [01m[K/opt/ros/humble/include/rclcpp/rclcpp/memory_strategy.hpp:25[m[K,
                 from [01m[K/opt/ros/humble/include/rclcpp/rclcpp/memory_strategies.hpp:18[m[K,
                 from [01m[K/opt/ros/humble/include/rclcpp/rclcpp/executor_options.hpp:20[m[K,
                 from [01m[K/opt/ros/humble/include/rclcpp/rclcpp/executor.hpp:37[m[K,
                 from [01m[K/opt/ros/humble/include/rclcpp/rclcpp/executors/multi_threaded_executor.hpp:25[m[K,
                 from [01m[K/opt/ros/humble/include/rclcpp/rclcpp/executors.hpp:21[m[K,
                 from [01m[K/opt/ros/humble/include/rclcpp/rclcpp/rclcpp.hpp:155[m[K,
                 from [01m[K/workspace/src/cpp_pubsub/src/publish_member_function.hpp:8[m[K,
                 from [01m[K/workspace/src/cpp_pubsub/src/publish_member_function.cpp:1[m[K:
[01m[K/workspace/src/cpp_pubsub/src/publish_member_function.cpp:[m[K In function â€˜[01m[Kvoid topic_callback(const String&)[m[Kâ€™:
[01m[K/workspace/src/cpp_pubsub/src/publish_member_function.cpp:22:15:[m[K [01;31m[Kerror: [m[Kinvalid use of â€˜[01m[Kthis[m[Kâ€™ in non-member function
   22 |   RCLCPP_INFO([01;31m[Kthis[m[K->get_logger(), "I heard: '%s'", msg.data.c_str());
      |               [01;31m[K^~~~[m[K
[01m[K/workspace/src/cpp_pubsub/src/publish_member_function.cpp:22:15:[m[K [01;31m[Kerror: [m[Kinvalid use of â€˜[01m[Kthis[m[Kâ€™ in non-member function
[01m[K/workspace/src/cpp_pubsub/src/publish_member_function.cpp:22:3:[m[K [01;31m[Kerror: [m[Ktemplate argument 1 is invalid
   22 |   [01;31m[KRCLCPP_INFO[m[K(this->get_logger(), "I heard: '%s'", msg.data.c_str());
      |   [01;31m[K^~~~~~~~~~~[m[K
[01m[K/workspace/src/cpp_pubsub/src/publish_member_function.cpp:22:3:[m[K [01;31m[Kerror: [m[Ktemplate argument 1 is invalid
   22 |   [01;31m[KRCLCPP_INFO[m[K(this->get_logger(), "I heard: '%s'", msg.data.c_str());
      |   [01;31m[K^~~~~~~~~~~[m[K
[01m[K/workspace/src/cpp_pubsub/src/publish_member_function.cpp:22:3:[m[K [01;31m[Kerror: [m[Ktemplate argument 1 is invalid
   22 |   [01;31m[KRCLCPP_INFO[m[K(this->get_logger(), "I heard: '%s'", msg.data.c_str());
      |   [01;31m[K^~~~~~~~~~~[m[K
In file included from [01m[K/opt/ros/humble/include/rclcpp/rclcpp/logging.hpp:24[m[K,
                 from [01m[K/opt/ros/humble/include/rclcpp/rclcpp/client.hpp:40[m[K,
                 from [01m[K/opt/ros/humble/include/rclcpp/rclcpp/callback_group.hpp:24[m[K,
                 from [01m[K/opt/ros/humble/include/rclcpp/rclcpp/any_executable.hpp:20[m[K,
                 from [01m[K/opt/ros/humble/include/rclcpp/rclcpp/memory_strategy.hpp:25[m[K,
                 from [01m[K/opt/ros/humble/include/rclcpp/rclcpp/memory_strategies.hpp:18[m[K,
                 from [01m[K/opt/ros/humble/include/rclcpp/rclcpp/executor_options.hpp:20[m[K,
                 from [01m[K/opt/ros/humble/include/rclcpp/rclcpp/executor.hpp:37[m[K,
                 from [01m[K/opt/ros/humble/include/rclcpp/rclcpp/executors/multi_threaded_executor.hpp:25[m[K,
                 from [01m[K/opt/ros/humble/include/rclcpp/rclcpp/executors.hpp:21[m[K,
                 from [01m[K/opt/ros/humble/include/rclcpp/rclcpp/rclcpp.hpp:155[m[K,
                 from [01m[K/workspace/src/cpp_pubsub/src/publish_member_function.hpp:8[m[K,
                 from [01m[K/workspace/src/cpp_pubsub/src/publish_member_function.cpp:1[m[K:
[01m[K/workspace/src/cpp_pubsub/src/publish_member_function.cpp:22:15:[m[K [01;31m[Kerror: [m[Kinvalid use of â€˜[01m[Kthis[m[Kâ€™ in non-member function
   22 |   RCLCPP_INFO([01;31m[Kthis[m[K->get_logger(), "I heard: '%s'", msg.data.c_str());
      |               [01;31m[K^~~~[m[K
[01m[K/workspace/src/cpp_pubsub/src/publish_member_function.cpp:22:15:[m[K [01;31m[Kerror: [m[Kinvalid use of â€˜[01m[Kthis[m[Kâ€™ in non-member function
   22 |   RCLCPP_INFO([01;31m[Kthis[m[K->get_logger(), "I heard: '%s'", msg.data.c_str());
      |               [01;31m[K^~~~[m[K
gmake[2]: *** [CMakeFiles/main.dir/build.make:90: CMakeFiles/main.dir/src/publish_member_function.cpp.o] Error 1
gmake[1]: *** [CMakeFiles/Makefile2:137: CMakeFiles/main.dir/all] Error 2
gmake: *** [Makefile:146: all] Error 2
