[0.006s] Invoking command in '/workspace/build/cpp_pubsub': CMAKE_PREFIX_PATH=${CMAKE_PREFIX_PATH}:/opt/ros/humble PROMPT=%F{yellow}[ros2-custom]%f %F{green}%n%f:%F{blue}%~%f$ /usr/bin/cmake --build /workspace/build/cpp_pubsub -- -j24 -l24
[0.022s] -- Found ament_cmake: 1.3.10 (/opt/ros/humble/share/ament_cmake/cmake)
[0.121s] -- Override CMake install command with custom implementation using symlinks instead of copying resources
[0.124s] -- Found rclcpp: 16.0.10 (/opt/ros/humble/share/rclcpp/cmake)
[0.137s] -- Found rosidl_generator_c: 3.1.5 (/opt/ros/humble/share/rosidl_generator_c/cmake)
[0.139s] -- Found rosidl_adapter: 3.1.5 (/opt/ros/humble/share/rosidl_adapter/cmake)
[0.141s] -- Found rosidl_generator_cpp: 3.1.5 (/opt/ros/humble/share/rosidl_generator_cpp/cmake)
[0.146s] -- Using all available rosidl_typesupport_c: rosidl_typesupport_fastrtps_c;rosidl_typesupport_introspection_c
[0.153s] -- Using all available rosidl_typesupport_cpp: rosidl_typesupport_fastrtps_cpp;rosidl_typesupport_introspection_cpp
[0.169s] -- Found rmw_implementation_cmake: 6.1.2 (/opt/ros/humble/share/rmw_implementation_cmake/cmake)
[0.169s] -- Found rmw_fastrtps_cpp: 6.2.7 (/opt/ros/humble/share/rmw_fastrtps_cpp/cmake)
[0.242s] -- Using RMW implementation 'rmw_fastrtps_cpp' as default
[0.278s] -- Found ament_lint_auto: 0.12.11 (/opt/ros/humble/share/ament_lint_auto/cmake)
[0.312s] -- Added test 'cppcheck' to perform static code analysis on C / C++ code
[0.312s] -- Configured cppcheck include dirs: 
[0.312s] -- Configured cppcheck exclude dirs and/or files: 
[0.312s] -- Added test 'lint_cmake' to check CMake code style
[0.313s] -- Added test 'uncrustify' to check C / C++ code style
[0.313s] -- Configured uncrustify additional arguments: 
[0.313s] -- Added test 'xmllint' to check XML markup files
[0.313s] -- Configuring done
[0.317s] -- Generating done
[0.318s] -- Build files have been written to: /workspace/build/cpp_pubsub
[0.339s] [35m[1mConsolidate compiler generated dependencies of target main[0m
[0.359s] [ 33%] [32mBuilding CXX object CMakeFiles/main.dir/src/main.cpp.o[0m
[0.360s] [ 66%] [32mBuilding CXX object CMakeFiles/main.dir/src/publish_member_function.cpp.o[0m
[1.409s] In file included from [01m[K/opt/ros/humble/include/rclcpp/rclcpp/client.hpp:40[m[K,
[1.409s]                  from [01m[K/opt/ros/humble/include/rclcpp/rclcpp/callback_group.hpp:24[m[K,
[1.409s]                  from [01m[K/opt/ros/humble/include/rclcpp/rclcpp/any_executable.hpp:20[m[K,
[1.409s]                  from [01m[K/opt/ros/humble/include/rclcpp/rclcpp/memory_strategy.hpp:25[m[K,
[1.409s]                  from [01m[K/opt/ros/humble/include/rclcpp/rclcpp/memory_strategies.hpp:18[m[K,
[1.409s]                  from [01m[K/opt/ros/humble/include/rclcpp/rclcpp/executor_options.hpp:20[m[K,
[1.409s]                  from [01m[K/opt/ros/humble/include/rclcpp/rclcpp/executor.hpp:37[m[K,
[1.409s]                  from [01m[K/opt/ros/humble/include/rclcpp/rclcpp/executors/multi_threaded_executor.hpp:25[m[K,
[1.410s]                  from [01m[K/opt/ros/humble/include/rclcpp/rclcpp/executors.hpp:21[m[K,
[1.410s]                  from [01m[K/opt/ros/humble/include/rclcpp/rclcpp/rclcpp.hpp:155[m[K,
[1.410s]                  from [01m[K/workspace/src/cpp_pubsub/src/publish_member_function.hpp:8[m[K,
[1.410s]                  from [01m[K/workspace/src/cpp_pubsub/src/publish_member_function.cpp:1[m[K:
[1.410s] [01m[K/workspace/src/cpp_pubsub/src/publish_member_function.cpp:[m[K In function â€˜[01m[Kvoid topic_callback(const String&)[m[Kâ€™:
[1.410s] [01m[K/workspace/src/cpp_pubsub/src/publish_member_function.cpp:22:15:[m[K [01;31m[Kerror: [m[Kinvalid use of â€˜[01m[Kthis[m[Kâ€™ in non-member function
[1.410s]    22 |   RCLCPP_INFO([01;31m[Kthis[m[K->get_logger(), "I heard: '%s'", msg.data.c_str());
[1.410s]       |               [01;31m[K^~~~[m[K
[1.410s] [01m[K/workspace/src/cpp_pubsub/src/publish_member_function.cpp:22:15:[m[K [01;31m[Kerror: [m[Kinvalid use of â€˜[01m[Kthis[m[Kâ€™ in non-member function
[1.410s] [01m[K/workspace/src/cpp_pubsub/src/publish_member_function.cpp:22:3:[m[K [01;31m[Kerror: [m[Ktemplate argument 1 is invalid
[1.410s]    22 |   [01;31m[KRCLCPP_INFO[m[K(this->get_logger(), "I heard: '%s'", msg.data.c_str());
[1.410s]       |   [01;31m[K^~~~~~~~~~~[m[K
[1.410s] [01m[K/workspace/src/cpp_pubsub/src/publish_member_function.cpp:22:3:[m[K [01;31m[Kerror: [m[Ktemplate argument 1 is invalid
[1.410s]    22 |   [01;31m[KRCLCPP_INFO[m[K(this->get_logger(), "I heard: '%s'", msg.data.c_str());
[1.410s]       |   [01;31m[K^~~~~~~~~~~[m[K
[1.410s] [01m[K/workspace/src/cpp_pubsub/src/publish_member_function.cpp:22:3:[m[K [01;31m[Kerror: [m[Ktemplate argument 1 is invalid
[1.410s]    22 |   [01;31m[KRCLCPP_INFO[m[K(this->get_logger(), "I heard: '%s'", msg.data.c_str());
[1.410s]       |   [01;31m[K^~~~~~~~~~~[m[K
[1.410s] In file included from [01m[K/opt/ros/humble/include/rclcpp/rclcpp/logging.hpp:24[m[K,
[1.410s]                  from [01m[K/opt/ros/humble/include/rclcpp/rclcpp/client.hpp:40[m[K,
[1.410s]                  from [01m[K/opt/ros/humble/include/rclcpp/rclcpp/callback_group.hpp:24[m[K,
[1.410s]                  from [01m[K/opt/ros/humble/include/rclcpp/rclcpp/any_executable.hpp:20[m[K,
[1.410s]                  from [01m[K/opt/ros/humble/include/rclcpp/rclcpp/memory_strategy.hpp:25[m[K,
[1.410s]                  from [01m[K/opt/ros/humble/include/rclcpp/rclcpp/memory_strategies.hpp:18[m[K,
[1.410s]                  from [01m[K/opt/ros/humble/include/rclcpp/rclcpp/executor_options.hpp:20[m[K,
[1.410s]                  from [01m[K/opt/ros/humble/include/rclcpp/rclcpp/executor.hpp:37[m[K,
[1.410s]                  from [01m[K/opt/ros/humble/include/rclcpp/rclcpp/executors/multi_threaded_executor.hpp:25[m[K,
[1.410s]                  from [01m[K/opt/ros/humble/include/rclcpp/rclcpp/executors.hpp:21[m[K,
[1.410s]                  from [01m[K/opt/ros/humble/include/rclcpp/rclcpp/rclcpp.hpp:155[m[K,
[1.410s]                  from [01m[K/workspace/src/cpp_pubsub/src/publish_member_function.hpp:8[m[K,
[1.410s]                  from [01m[K/workspace/src/cpp_pubsub/src/publish_member_function.cpp:1[m[K:
[1.410s] [01m[K/workspace/src/cpp_pubsub/src/publish_member_function.cpp:22:15:[m[K [01;31m[Kerror: [m[Kinvalid use of â€˜[01m[Kthis[m[Kâ€™ in non-member function
[1.410s]    22 |   RCLCPP_INFO([01;31m[Kthis[m[K->get_logger(), "I heard: '%s'", msg.data.c_str());
[1.410s]       |               [01;31m[K^~~~[m[K
[1.410s] [01m[K/workspace/src/cpp_pubsub/src/publish_member_function.cpp:22:15:[m[K [01;31m[Kerror: [m[Kinvalid use of â€˜[01m[Kthis[m[Kâ€™ in non-member function
[1.410s]    22 |   RCLCPP_INFO([01;31m[Kthis[m[K->get_logger(), "I heard: '%s'", msg.data.c_str());
[1.410s]       |               [01;31m[K^~~~[m[K
[2.512s] gmake[2]: *** [CMakeFiles/main.dir/build.make:90: CMakeFiles/main.dir/src/publish_member_function.cpp.o] Error 1
[2.513s] gmake[1]: *** [CMakeFiles/Makefile2:137: CMakeFiles/main.dir/all] Error 2
[2.513s] gmake: *** [Makefile:146: all] Error 2
[2.515s] Invoked command in '/workspace/build/cpp_pubsub' returned '2': CMAKE_PREFIX_PATH=${CMAKE_PREFIX_PATH}:/opt/ros/humble PROMPT=%F{yellow}[ros2-custom]%f %F{green}%n%f:%F{blue}%~%f$ /usr/bin/cmake --build /workspace/build/cpp_pubsub -- -j24 -l24
