-- Found ament_cmake: 1.3.10 (/opt/ros/humble/share/ament_cmake/cmake)
-- Override CMake install command with custom implementation using symlinks instead of copying resources
-- Found rclcpp: 16.0.10 (/opt/ros/humble/share/rclcpp/cmake)
-- Found rosidl_generator_c: 3.1.5 (/opt/ros/humble/share/rosidl_generator_c/cmake)
-- Found rosidl_adapter: 3.1.5 (/opt/ros/humble/share/rosidl_adapter/cmake)
-- Found rosidl_generator_cpp: 3.1.5 (/opt/ros/humble/share/rosidl_generator_cpp/cmake)
-- Using all available rosidl_typesupport_c: rosidl_typesupport_fastrtps_c;rosidl_typesupport_introspection_c
-- Using all available rosidl_typesupport_cpp: rosidl_typesupport_fastrtps_cpp;rosidl_typesupport_introspection_cpp
-- Found rmw_implementation_cmake: 6.1.2 (/opt/ros/humble/share/rmw_implementation_cmake/cmake)
-- Found rmw_fastrtps_cpp: 6.2.7 (/opt/ros/humble/share/rmw_fastrtps_cpp/cmake)
-- Found OpenSSL: /usr/lib/x86_64-linux-gnu/libcrypto.so (found version "3.0.2")  
-- Found FastRTPS: /opt/ros/humble/include  
-- Using RMW implementation 'rmw_fastrtps_cpp' as default
-- Looking for pthread.h
-- Looking for pthread.h - found
-- Performing Test CMAKE_HAVE_LIBC_PTHREAD
-- Performing Test CMAKE_HAVE_LIBC_PTHREAD - Success
-- Found Threads: TRUE  
-- Found ament_lint_auto: 0.12.11 (/opt/ros/humble/share/ament_lint_auto/cmake)
-- Added test 'cppcheck' to perform static code analysis on C / C++ code
-- Configured cppcheck include dirs: 
-- Configured cppcheck exclude dirs and/or files: 
-- Added test 'lint_cmake' to check CMake code style
-- Added test 'uncrustify' to check C / C++ code style
-- Configured uncrustify additional arguments: 
-- Added test 'xmllint' to check XML markup files
-- Configuring done
-- Generating done
-- Build files have been written to: /workspace/build/cpp_pubsub
[ 50%] [32mBuilding CXX object CMakeFiles/talker.dir/src/publish_member_function.cpp.o[0m
[01m[K/workspace/src/cpp_pubsub/src/publish_member_function.cpp:5:1:[m[K [01;31m[Kerror: [m[Kâ€˜[01m[KMinimalPulisher[m[Kâ€™ does not name a type; did you mean â€˜[01m[KMinimalPublisher[m[Kâ€™?
    5 | [01;31m[KMinimalPulisher[m[K::MinimalPublish() {
      | [01;31m[K^~~~~~~~~~~~~~~[m[K
      | [32m[KMinimalPublisher[m[K
[01m[K/workspace/src/cpp_pubsub/src/publish_member_function.cpp:11:6:[m[K [01;31m[Kerror: [m[Kâ€˜[01m[KMinimalPulisher[m[Kâ€™ has not been declared
   11 | void [01;31m[KMinimalPulisher[m[K::timer_callback() {
      |      [01;31m[K^~~~~~~~~~~~~~~[m[K
[01m[K/workspace/src/cpp_pubsub/src/publish_member_function.cpp:[m[K In function â€˜[01m[Kvoid timer_callback()[m[Kâ€™:
[01m[K/workspace/src/cpp_pubsub/src/publish_member_function.cpp:13:49:[m[K [01;31m[Kerror: [m[Kâ€˜[01m[Kcount_[m[Kâ€™ was not declared in this scope
   13 |   message.data = "Hello World" + std::to_string([01;31m[Kcount_[m[K++);
      |                                                 [01;31m[K^~~~~~[m[K
[01m[K/workspace/src/cpp_pubsub/src/publish_member_function.cpp:14:3:[m[K [01;31m[Kerror: [m[Kâ€˜[01m[Kpubliser_[m[Kâ€™ was not declared in this scope
   14 |   [01;31m[Kpubliser_[m[K->publish(message);
      |   [01;31m[K^~~~~~~~~[m[K
gmake[2]: *** [CMakeFiles/talker.dir/build.make:76: CMakeFiles/talker.dir/src/publish_member_function.cpp.o] Error 1
gmake[1]: *** [CMakeFiles/Makefile2:137: CMakeFiles/talker.dir/all] Error 2
gmake: *** [Makefile:146: all] Error 2
