[0.006s] Invoking command in '/workspace/build/cpp_pubsub': CMAKE_PREFIX_PATH=/opt/ros/humble PROMPT=%F{yellow}[ros2-custom]%f %F{green}%n%f:%F{blue}%~%f$ /usr/bin/cmake --build /workspace/build/cpp_pubsub -- -j24 -l24
[0.019s] -- Found ament_cmake: 1.3.10 (/opt/ros/humble/share/ament_cmake/cmake)
[0.097s] -- Override CMake install command with custom implementation using symlinks instead of copying resources
[0.101s] -- Found rclcpp: 16.0.10 (/opt/ros/humble/share/rclcpp/cmake)
[0.121s] -- Found rosidl_generator_c: 3.1.5 (/opt/ros/humble/share/rosidl_generator_c/cmake)
[0.123s] -- Found rosidl_adapter: 3.1.5 (/opt/ros/humble/share/rosidl_adapter/cmake)
[0.127s] -- Found rosidl_generator_cpp: 3.1.5 (/opt/ros/humble/share/rosidl_generator_cpp/cmake)
[0.133s] -- Using all available rosidl_typesupport_c: rosidl_typesupport_fastrtps_c;rosidl_typesupport_introspection_c
[0.141s] -- Using all available rosidl_typesupport_cpp: rosidl_typesupport_fastrtps_cpp;rosidl_typesupport_introspection_cpp
[0.163s] -- Found rmw_implementation_cmake: 6.1.2 (/opt/ros/humble/share/rmw_implementation_cmake/cmake)
[0.164s] -- Found rmw_fastrtps_cpp: 6.2.7 (/opt/ros/humble/share/rmw_fastrtps_cpp/cmake)
[0.240s] -- Found OpenSSL: /usr/lib/x86_64-linux-gnu/libcrypto.so (found version "3.0.2")  
[0.276s] -- Found FastRTPS: /opt/ros/humble/include  
[0.304s] -- Using RMW implementation 'rmw_fastrtps_cpp' as default
[0.310s] -- Looking for pthread.h
[0.377s] -- Looking for pthread.h - found
[0.377s] -- Performing Test CMAKE_HAVE_LIBC_PTHREAD
[0.487s] -- Performing Test CMAKE_HAVE_LIBC_PTHREAD - Success
[0.488s] -- Found Threads: TRUE  
[0.528s] -- Found ament_lint_auto: 0.12.11 (/opt/ros/humble/share/ament_lint_auto/cmake)
[0.561s] -- Added test 'cppcheck' to perform static code analysis on C / C++ code
[0.561s] -- Configured cppcheck include dirs: 
[0.562s] -- Configured cppcheck exclude dirs and/or files: 
[0.562s] -- Added test 'lint_cmake' to check CMake code style
[0.562s] -- Added test 'uncrustify' to check C / C++ code style
[0.562s] -- Configured uncrustify additional arguments: 
[0.562s] -- Added test 'xmllint' to check XML markup files
[0.563s] -- Configuring done
[0.567s] -- Generating done
[0.567s] -- Build files have been written to: /workspace/build/cpp_pubsub
[0.598s] [ 50%] [32mBuilding CXX object CMakeFiles/talker.dir/src/publish_member_function.cpp.o[0m
[1.615s] [01m[K/workspace/src/cpp_pubsub/src/publish_member_function.cpp:5:1:[m[K [01;31m[Kerror: [m[Kâ€˜[01m[KMinimalPulisher[m[Kâ€™ does not name a type; did you mean â€˜[01m[KMinimalPublisher[m[Kâ€™?
[1.616s]     5 | [01;31m[KMinimalPulisher[m[K::MinimalPublish() {
[1.616s]       | [01;31m[K^~~~~~~~~~~~~~~[m[K
[1.616s]       | [32m[KMinimalPublisher[m[K
[1.616s] [01m[K/workspace/src/cpp_pubsub/src/publish_member_function.cpp:11:6:[m[K [01;31m[Kerror: [m[Kâ€˜[01m[KMinimalPulisher[m[Kâ€™ has not been declared
[1.616s]    11 | void [01;31m[KMinimalPulisher[m[K::timer_callback() {
[1.616s]       |      [01;31m[K^~~~~~~~~~~~~~~[m[K
[1.617s] [01m[K/workspace/src/cpp_pubsub/src/publish_member_function.cpp:[m[K In function â€˜[01m[Kvoid timer_callback()[m[Kâ€™:
[1.617s] [01m[K/workspace/src/cpp_pubsub/src/publish_member_function.cpp:13:49:[m[K [01;31m[Kerror: [m[Kâ€˜[01m[Kcount_[m[Kâ€™ was not declared in this scope
[1.617s]    13 |   message.data = "Hello World" + std::to_string([01;31m[Kcount_[m[K++);
[1.617s]       |                                                 [01;31m[K^~~~~~[m[K
[1.619s] [01m[K/workspace/src/cpp_pubsub/src/publish_member_function.cpp:14:3:[m[K [01;31m[Kerror: [m[Kâ€˜[01m[Kpubliser_[m[Kâ€™ was not declared in this scope
[1.619s]    14 |   [01;31m[Kpubliser_[m[K->publish(message);
[1.619s]       |   [01;31m[K^~~~~~~~~[m[K
[1.810s] gmake[2]: *** [CMakeFiles/talker.dir/build.make:76: CMakeFiles/talker.dir/src/publish_member_function.cpp.o] Error 1
[1.810s] gmake[1]: *** [CMakeFiles/Makefile2:137: CMakeFiles/talker.dir/all] Error 2
[1.810s] gmake: *** [Makefile:146: all] Error 2
[1.812s] Invoked command in '/workspace/build/cpp_pubsub' returned '2': CMAKE_PREFIX_PATH=/opt/ros/humble PROMPT=%F{yellow}[ros2-custom]%f %F{green}%n%f:%F{blue}%~%f$ /usr/bin/cmake --build /workspace/build/cpp_pubsub -- -j24 -l24
