[01m[K/workspace/src/cpp_pubsub/src/publish_member_function.cpp:5:1:[m[K [01;31m[Kerror: [m[Kâ€˜[01m[KMinimalPulisher[m[Kâ€™ does not name a type; did you mean â€˜[01m[KMinimalPublisher[m[Kâ€™?
    5 | [01;31m[KMinimalPulisher[m[K::MinimalPublisher() {
      | [01;31m[K^~~~~~~~~~~~~~~[m[K
      | [32m[KMinimalPublisher[m[K
[01m[K/workspace/src/cpp_pubsub/src/publish_member_function.cpp:[m[K In member function â€˜[01m[Kvoid MinimalPublisher::timer_callback()[m[Kâ€™:
[01m[K/workspace/src/cpp_pubsub/src/publish_member_function.cpp:14:3:[m[K [01;31m[Kerror: [m[Kâ€˜[01m[Kpubliser_[m[Kâ€™ was not declared in this scope; did you mean â€˜[01m[Kpulisher_[m[Kâ€™?
   14 |   [01;31m[Kpubliser_[m[K->publish(message);
      |   [01;31m[K^~~~~~~~~[m[K
      |   [32m[Kpulisher_[m[K
gmake[2]: *** [CMakeFiles/talker.dir/build.make:76: CMakeFiles/talker.dir/src/publish_member_function.cpp.o] Error 1
gmake[1]: *** [CMakeFiles/Makefile2:137: CMakeFiles/talker.dir/all] Error 2
gmake: *** [Makefile:146: all] Error 2
