[0.006s] Invoking command in '/workspace/build/cpp_pubsub': CMAKE_PREFIX_PATH=/opt/ros/humble PROMPT=%F{yellow}[ros2-custom]%f %F{green}%n%f:%F{blue}%~%f$ /usr/bin/cmake --build /workspace/build/cpp_pubsub -- -j24 -l24
[0.032s] [35m[1mConsolidate compiler generated dependencies of target talker[0m
[0.045s] [ 50%] [32mBuilding CXX object CMakeFiles/talker.dir/src/publish_member_function.cpp.o[0m
[1.056s] [01m[K/workspace/src/cpp_pubsub/src/publish_member_function.cpp:[m[K In member function â€˜[01m[Kvoid MinimalPublisher::timer_callback()[m[Kâ€™:
[1.056s] [01m[K/workspace/src/cpp_pubsub/src/publish_member_function.cpp:14:3:[m[K [01;31m[Kerror: [m[Kâ€˜[01m[Kpubliser_[m[Kâ€™ was not declared in this scope; did you mean â€˜[01m[Kpublisher_[m[Kâ€™?
[1.056s]    14 |   [01;31m[Kpubliser_[m[K->publish(message);
[1.056s]       |   [01;31m[K^~~~~~~~~[m[K
[1.056s]       |   [32m[Kpublisher_[m[K
[1.378s] gmake[2]: *** [CMakeFiles/talker.dir/build.make:76: CMakeFiles/talker.dir/src/publish_member_function.cpp.o] Error 1
[1.378s] gmake[1]: *** [CMakeFiles/Makefile2:137: CMakeFiles/talker.dir/all] Error 2
[1.378s] gmake: *** [Makefile:146: all] Error 2
[1.379s] Invoked command in '/workspace/build/cpp_pubsub' returned '2': CMAKE_PREFIX_PATH=/opt/ros/humble PROMPT=%F{yellow}[ros2-custom]%f %F{green}%n%f:%F{blue}%~%f$ /usr/bin/cmake --build /workspace/build/cpp_pubsub -- -j24 -l24
